-----------------------------------
--        2016-03-17T21:30:58
-----------------------------------
-----------------------------------
k=1
elapsed:   340000 milliseconds
mean iter: 19.514434942317624
accuracy:  0.1918728118004936
precision: [NaN
 0.013824884792626729
 0.049479166666666664
 0.05333333333333334
 0.12830188679245283
 0.15061837455830387
 0.2266361817662189
 0.22888759464181713
 0.17883339154732797
 0.2731146144013634]
recall:    [NaN
 0.013333333333333334
 0.04960835509138381
 0.05520702634880803
 0.1313586606567933
 0.1500880281690141
 0.2348238081137104
 0.22683982683982684
 0.19467680608365018
 0.23557515619257627]

confusion: 
[0 0 0 0 0 0 0 0 0 0
 0 3 14 12 26 24 30 45 36 35
 0 17 19 26 44 65 67 53 45 47
 0 9 33 44 115 113 156 140 113 74
 0 23 56 108 204 228 289 271 211 163
 0 25 54 115 250 341 514 434 317 222
 0 34 64 149 303 479 793 687 533 335
 0 36 55 157 273 452 704 786 577 425
 0 27 39 112 197 292 519 527 512 405
 0 43 50 102 178 270 427 491 519 641]

-----------------------------------
k=10
elapsed:   611000 milliseconds
mean iter: 35.06858749928256
accuracy:  0.19510608582525016
precision: [NaN
 0.012605042016806723
 0.05740740740740741
 0.07365939893930465
 0.1276595744680851
 0.15452688904016337
 0.21867803837953093
 0.2210917925745957
 0.18181818181818182
 0.29784717293588836]
recall:    [NaN
 0.0044444444444444444
 0.026979982593559618
 0.05227938101212882
 0.1081777205408886
 0.19982394366197184
 0.2530845918468068
 0.2801346801346801
 0.18225602027883397
 0.1542325125566581]

confusion: 
[0 0 0 0 0 0 0 0 0 0
 0 3 17 33 68 114 138 150 94 58
 0 20 31 83 139 244 223 205 128 76
 0 10 40 125 272 477 555 517 272 123
 0 23 75 240 504 982 1005 1018 537 275
 0 29 78 238 610 1362 1708 1611 818 362
 0 37 97 297 771 1795 2564 2650 1346 574
 0 43 74 288 670 1732 2332 2912 1588 756
 0 29 55 188 475 1114 1737 2110 1438 744
 0 44 73 205 439 994 1463 1998 1688 1259]

-----------------------------------
k=25
elapsed:   3185000 milliseconds
mean iter: 182.80433909200482
accuracy:  0.19612007117029215
precision: [NaN
 0.012295081967213115
 0.059422750424448216
 0.07742257742257742
 0.12823418319169028
 0.15547910723275718
 0.21885871223680195
 0.2200494493144527
 0.1836093660765277
 0.3050231995158362]
recall:    [NaN
 0.0033333333333333335
 0.022845953002610966
 0.0486198243412798
 0.10930457179652286
 0.20389524647887325
 0.26547231270358307
 0.28253968253968254
 0.18336501901140684
 0.13891951488423374]

confusion: 
[0 0 0 0 0 0 0 0 0 0
 0 3 19 38 98 160 193 197 127 65
 0 21 35 103 198 330 320 264 172 89
 0 10 40 155 373 637 790 691 353 139
 0 23 81 293 679 1339 1406 1371 704 316
 0 31 86 282 793 1853 2381 2163 1082 417
 0 37 108 347 1030 2408 3586 3588 1744 660
 0 45 82 329 889 2333 3286 3916 2094 886
 0 30 59 216 622 1511 2411 2869 1929 873
 0 44 79 239 613 1347 2012 2737 2301 1512]

-----------------------------------
k=3
elapsed:   359000 milliseconds
mean iter: 20.604947483211845
accuracy:  0.19502955862939791
precision: [NaN
 0.0
 0.06557377049180328
 0.08668076109936575
 0.12406271301976823
 0.1578207381370826
 0.2130957889865803
 0.22075055187637968
 0.18308040038747175
 0.32770605759682225]
recall:    [NaN
 0.0
 0.020887728459530026
 0.05144291091593475
 0.11719253058596266
 0.19762323943661972
 0.2727272727272727
 0.2597402597402597
 0.2155893536121673
 0.12127894156560089]

confusion: 
[0 0 0 0 0 0 0 0 0 0
 0 0 2 13 24 40 52 48 35 11
 0 2 8 29 52 80 79 68 49 16
 0 1 7 41 92 160 209 158 101 28
 0 0 16 70 182 323 380 304 217 61
 0 2 19 62 228 449 626 492 315 79
 0 2 24 86 282 574 921 843 515 130
 0 5 13 72 266 542 867 900 623 177
 0 1 13 42 182 352 645 653 567 175
 0 0 20 58 159 325 543 611 675 330]

